/software/python-3.7.0-el7-x86_64/lib/python3.7/site-packages/sklearn/ensemble/weight_boosting.py:29: DeprecationWarning: numpy.core.umath_tests is an internal NumPy module and should not be imported. It will be removed in a future NumPy release.
  from numpy.core.umath_tests import inner1d
/software/python-3.7.0-el7-x86_64/lib/python3.7/site-packages/sklearn/ensemble/weight_boosting.py:29: DeprecationWarning: numpy.core.umath_tests is an internal NumPy module and should not be imported. It will be removed in a future NumPy release.
  from numpy.core.umath_tests import inner1d
/software/python-3.7.0-el7-x86_64/lib/python3.7/site-packages/sklearn/ensemble/weight_boosting.py:29: DeprecationWarning: numpy.core.umath_tests is an internal NumPy module and should not be imported. It will be removed in a future NumPy release.
  from numpy.core.umath_tests import inner1d
mdf2 loaded!!!
Traceback (most recent call last):
  File "RF_ni_fct.py", line 50, in <module>
    X_tr = dftr[x_vars].astype(float)
  File "/home/mma3/.local/lib/python3.7/site-packages/pandas/core/generic.py", line 5681, in astype
    **kwargs)
  File "/home/mma3/.local/lib/python3.7/site-packages/pandas/core/internals/managers.py", line 531, in astype
    return self.apply('astype', dtype=dtype, **kwargs)
  File "/home/mma3/.local/lib/python3.7/site-packages/pandas/core/internals/managers.py", line 395, in apply
    applied = getattr(b, f)(**kwargs)
  File "/home/mma3/.local/lib/python3.7/site-packages/pandas/core/internals/blocks.py", line 534, in astype
    **kwargs)
  File "/home/mma3/.local/lib/python3.7/site-packages/pandas/core/internals/blocks.py", line 633, in _astype
    values = astype_nansafe(values.ravel(), dtype, copy=True)
  File "/home/mma3/.local/lib/python3.7/site-packages/pandas/core/dtypes/cast.py", line 702, in astype_nansafe
    return arr.astype(dtype, copy=True)
ValueError: could not convert string to float: '82936G200'
mdf2 loaded!!!
mdf2 loaded!!!
Traceback (most recent call last):
  File "RF_ni_fct.py", line 50, in <module>
    X_tr = dftr[x_vars].astype(float)
  File "/home/mma3/.local/lib/python3.7/site-packages/pandas/core/generic.py", line 5681, in astype
    **kwargs)
  File "/home/mma3/.local/lib/python3.7/site-packages/pandas/core/internals/managers.py", line 531, in astype
    return self.apply('astype', dtype=dtype, **kwargs)
  File "/home/mma3/.local/lib/python3.7/site-packages/pandas/core/internals/managers.py", line 395, in apply
    applied = getattr(b, f)(**kwargs)
  File "/home/mma3/.local/lib/python3.7/site-packages/pandas/core/internals/blocks.py", line 534, in astype
    **kwargs)
  File "/home/mma3/.local/lib/python3.7/site-packages/pandas/core/internals/blocks.py", line 633, in _astype
    values = astype_nansafe(values.ravel(), dtype, copy=True)
  File "/home/mma3/.local/lib/python3.7/site-packages/pandas/core/dtypes/cast.py", line 702, in astype_nansafe
    return arr.astype(dtype, copy=True)
ValueError: could not convert string to float: '82936G200'
Traceback (most recent call last):
  File "RF_ni_fct.py", line 50, in <module>
    X_tr = dftr[x_vars].astype(float)
  File "/home/mma3/.local/lib/python3.7/site-packages/pandas/core/generic.py", line 5681, in astype
    **kwargs)
  File "/home/mma3/.local/lib/python3.7/site-packages/pandas/core/internals/managers.py", line 531, in astype
    return self.apply('astype', dtype=dtype, **kwargs)
  File "/home/mma3/.local/lib/python3.7/site-packages/pandas/core/internals/managers.py", line 395, in apply
    applied = getattr(b, f)(**kwargs)
  File "/home/mma3/.local/lib/python3.7/site-packages/pandas/core/internals/blocks.py", line 534, in astype
    **kwargs)
  File "/home/mma3/.local/lib/python3.7/site-packages/pandas/core/internals/blocks.py", line 633, in _astype
    values = astype_nansafe(values.ravel(), dtype, copy=True)
  File "/home/mma3/.local/lib/python3.7/site-packages/pandas/core/dtypes/cast.py", line 702, in astype_nansafe
    return arr.astype(dtype, copy=True)
ValueError: could not convert string to float: '82936G200'
/software/python-3.7.0-el7-x86_64/lib/python3.7/site-packages/sklearn/ensemble/weight_boosting.py:29: DeprecationWarning: numpy.core.umath_tests is an internal NumPy module and should not be imported. It will be removed in a future NumPy release.
  from numpy.core.umath_tests import inner1d
/software/python-3.7.0-el7-x86_64/lib/python3.7/site-packages/sklearn/ensemble/weight_boosting.py:29: DeprecationWarning: numpy.core.umath_tests is an internal NumPy module and should not be imported. It will be removed in a future NumPy release.
  from numpy.core.umath_tests import inner1d
/software/python-3.7.0-el7-x86_64/lib/python3.7/site-packages/sklearn/ensemble/weight_boosting.py:29: DeprecationWarning: numpy.core.umath_tests is an internal NumPy module and should not be imported. It will be removed in a future NumPy release.
  from numpy.core.umath_tests import inner1d
mdf2 loaded!!!
mdf2 loaded!!!
1 (193173, 347) (193173,)
2020-10-07 08:00:24.114005 Fitting regr1 start!
building tree 1 of 100building tree 2 of 100
building tree 3 of 100
building tree 4 of 100
building tree 5 of 100

building tree 6 of 100building tree 7 of 100
building tree 8 of 100building tree 9 of 100
building tree 10 of 100

building tree 11 of 100

building tree 12 of 100building tree 13 of 100
building tree 14 of 100
building tree 15 of 100
building tree 16 of 100

building tree 17 of 100
building tree 18 of 100
building tree 19 of 100
building tree 20 of 100
building tree 21 of 100building tree 22 of 100
building tree 23 of 100
building tree 24 of 100

building tree 25 of 100building tree 26 of 100
building tree 27 of 100

building tree 28 of 100
mdf2 loaded!!!
1 (180049, 347) (180049,)
2020-10-07 08:00:30.930370 Fitting regr2 start!
building tree 1 of 100building tree 2 of 100building tree 3 of 100

building tree 4 of 100
building tree 5 of 100
building tree 6 of 100

building tree 7 of 100building tree 8 of 100
building tree 9 of 100
building tree 10 of 100
building tree 11 of 100

building tree 12 of 100building tree 13 of 100
building tree 14 of 100
building tree 15 of 100

building tree 16 of 100building tree 17 of 100

building tree 18 of 100
building tree 19 of 100
building tree 20 of 100building tree 21 of 100
building tree 22 of 100

building tree 23 of 100building tree 24 of 100

building tree 25 of 100building tree 26 of 100
building tree 27 of 100
building tree 28 of 100

1 (167912, 347) (167912,)
2020-10-07 08:00:34.794481 Fitting regr3 start!
building tree 1 of 100building tree 2 of 100
building tree 3 of 100
building tree 4 of 100
building tree 5 of 100

building tree 6 of 100building tree 7 of 100
building tree 8 of 100
building tree 9 of 100

building tree 10 of 100building tree 11 of 100
building tree 12 of 100

building tree 13 of 100building tree 14 of 100
building tree 15 of 100

building tree 16 of 100building tree 17 of 100

building tree 18 of 100building tree 19 of 100
building tree 20 of 100
building tree 21 of 100
building tree 22 of 100

building tree 23 of 100building tree 24 of 100

building tree 25 of 100
building tree 26 of 100building tree 27 of 100

building tree 28 of 100
building tree 29 of 100
building tree 30 of 100
building tree 31 of 100
building tree 32 of 100
building tree 33 of 100
building tree 34 of 100
building tree 35 of 100
building tree 36 of 100
building tree 37 of 100
building tree 38 of 100
building tree 39 of 100
building tree 40 of 100
building tree 41 of 100
building tree 42 of 100
building tree 43 of 100
building tree 44 of 100
building tree 45 of 100
building tree 46 of 100
building tree 47 of 100
building tree 48 of 100
building tree 49 of 100
building tree 50 of 100
building tree 51 of 100
building tree 52 of 100
building tree 53 of 100
building tree 54 of 100
building tree 55 of 100
building tree 56 of 100
building tree 29 of 100
building tree 30 of 100
building tree 31 of 100
building tree 32 of 100
building tree 33 of 100
building tree 34 of 100
building tree 35 of 100
building tree 36 of 100
building tree 37 of 100
building tree 38 of 100
building tree 39 of 100
building tree 40 of 100
building tree 41 of 100
building tree 42 of 100
building tree 43 of 100
building tree 44 of 100
building tree 45 of 100
building tree 46 of 100
building tree 47 of 100
building tree 48 of 100
building tree 49 of 100
building tree 50 of 100
building tree 51 of 100
building tree 52 of 100
building tree 53 of 100
building tree 54 of 100
building tree 55 of 100
building tree 56 of 100
building tree 29 of 100
building tree 30 of 100
building tree 31 of 100
building tree 32 of 100
building tree 33 of 100
building tree 34 of 100
building tree 35 of 100
building tree 36 of 100
building tree 37 of 100
building tree 38 of 100
building tree 39 of 100
building tree 40 of 100
building tree 41 of 100
building tree 42 of 100
building tree 43 of 100
building tree 44 of 100
building tree 45 of 100
building tree 46 of 100
building tree 47 of 100
building tree 48 of 100
building tree 49 of 100
building tree 50 of 100
building tree 51 of 100
building tree 52 of 100
building tree 53 of 100
building tree 54 of 100
building tree 55 of 100
building tree 56 of 100
building tree 57 of 100
building tree 58 of 100
building tree 57 of 100
building tree 58 of 100
building tree 59 of 100
building tree 60 of 100
building tree 59 of 100
building tree 61 of 100
building tree 60 of 100
building tree 61 of 100
building tree 62 of 100
building tree 63 of 100
building tree 62 of 100
building tree 64 of 100
building tree 63 of 100
building tree 64 of 100
building tree 65 of 100
building tree 66 of 100
building tree 67 of 100
building tree 57 of 100
building tree 65 of 100
building tree 68 of 100
building tree 69 of 100
building tree 66 of 100
building tree 67 of 100
building tree 70 of 100
building tree 68 of 100
building tree 71 of 100
building tree 69 of 100
building tree 72 of 100
building tree 73 of 100
building tree 70 of 100
building tree 74 of 100
building tree 71 of 100
building tree 72 of 100
building tree 75 of 100
building tree 73 of 100
building tree 74 of 100
building tree 75 of 100
building tree 76 of 100
building tree 76 of 100
building tree 77 of 100
building tree 78 of 100
building tree 77 of 100
building tree 78 of 100
building tree 58 of 100
building tree 59 of 100
building tree 60 of 100
building tree 79 of 100
building tree 61 of 100
building tree 62 of 100
building tree 80 of 100
building tree 63 of 100
building tree 64 of 100
building tree 79 of 100
building tree 81 of 100
building tree 65 of 100
building tree 66 of 100
building tree 67 of 100
building tree 80 of 100
building tree 68 of 100
building tree 69 of 100
building tree 70 of 100
building tree 71 of 100
building tree 82 of 100
building tree 72 of 100
building tree 73 of 100
building tree 83 of 100
building tree 74 of 100building tree 81 of 100

building tree 75 of 100
building tree 76 of 100
building tree 77 of 100
building tree 78 of 100
building tree 79 of 100
building tree 80 of 100
building tree 81 of 100
building tree 82 of 100
building tree 83 of 100
building tree 84 of 100
building tree 84 of 100
building tree 82 of 100
building tree 83 of 100
building tree 84 of 100
building tree 85 of 100
building tree 86 of 100
building tree 87 of 100
building tree 88 of 100
building tree 89 of 100
building tree 90 of 100
building tree 91 of 100
building tree 92 of 100
building tree 93 of 100
building tree 94 of 100
building tree 95 of 100
building tree 96 of 100
building tree 97 of 100
building tree 98 of 100
building tree 99 of 100
building tree 100 of 100
building tree 85 of 100
building tree 85 of 100
building tree 86 of 100
building tree 87 of 100
building tree 88 of 100
building tree 89 of 100
building tree 90 of 100
building tree 91 of 100
building tree 92 of 100
building tree 93 of 100
building tree 94 of 100
building tree 86 of 100
building tree 95 of 100
building tree 96 of 100
building tree 97 of 100
building tree 98 of 100
building tree 99 of 100
building tree 100 of 100
building tree 87 of 100
building tree 88 of 100
building tree 89 of 100
building tree 90 of 100
building tree 91 of 100
building tree 92 of 100
building tree 93 of 100
building tree 94 of 100
building tree 95 of 100
building tree 96 of 100
building tree 97 of 100
building tree 98 of 100
building tree 99 of 100
building tree 100 of 100
[Parallel(n_jobs=-1)]: Done  96 out of 100 | elapsed:  2.0min remaining:    5.0s
[Parallel(n_jobs=-1)]: Done 100 out of 100 | elapsed:  2.0min finished
2020-10-07 08:02:36.958608 Fitting regr3 done!
[Parallel(n_jobs=-1)]: Done  96 out of 100 | elapsed:  2.2min remaining:    5.4s
[Parallel(n_jobs=-1)]: Done 100 out of 100 | elapsed:  2.2min finished
2020-10-07 08:02:42.140868 Fitting regr2 done!
[Parallel(n_jobs=-1)]: Done  96 out of 100 | elapsed:  2.4min remaining:    5.9s
[Parallel(n_jobs=-1)]: Done 100 out of 100 | elapsed:  2.4min finished
2020-10-07 08:02:45.977074 Fitting regr1 done!
/software/python-3.7.0-el7-x86_64/lib/python3.7/site-packages/sklearn/ensemble/weight_boosting.py:29: DeprecationWarning: numpy.core.umath_tests is an internal NumPy module and should not be imported. It will be removed in a future NumPy release.
  from numpy.core.umath_tests import inner1d
/software/python-3.7.0-el7-x86_64/lib/python3.7/site-packages/sklearn/ensemble/weight_boosting.py:29: DeprecationWarning: numpy.core.umath_tests is an internal NumPy module and should not be imported. It will be removed in a future NumPy release.
  from numpy.core.umath_tests import inner1d
mdf2 loaded!!!
1 (156788, 347) (156788,)
2020-10-07 08:04:49.920213 Fitting regr4 start!
building tree 1 of 100building tree 2 of 100building tree 3 of 100


building tree 4 of 100building tree 5 of 100

building tree 6 of 100building tree 7 of 100

building tree 8 of 100building tree 9 of 100

building tree 10 of 100building tree 11 of 100

building tree 12 of 100building tree 13 of 100
building tree 14 of 100building tree 15 of 100

building tree 16 of 100
building tree 17 of 100
building tree 18 of 100

building tree 19 of 100building tree 20 of 100

building tree 21 of 100building tree 22 of 100
building tree 23 of 100

building tree 24 of 100
building tree 25 of 100
building tree 26 of 100building tree 27 of 100

building tree 28 of 100
mdf2 loaded!!!
1 (146601, 347) (146601,)
2020-10-07 08:05:02.479092 Fitting regr5 start!
building tree 1 of 100building tree 2 of 100building tree 3 of 100

building tree 4 of 100
building tree 5 of 100
building tree 6 of 100
building tree 7 of 100

building tree 8 of 100building tree 9 of 100
building tree 10 of 100
building tree 11 of 100
building tree 12 of 100

building tree 13 of 100
building tree 14 of 100building tree 15 of 100

building tree 16 of 100building tree 17 of 100

building tree 18 of 100
building tree 19 of 100building tree 20 of 100

building tree 21 of 100building tree 22 of 100building tree 23 of 100

building tree 24 of 100
building tree 25 of 100building tree 26 of 100


building tree 27 of 100
building tree 28 of 100
building tree 29 of 100
building tree 30 of 100
building tree 31 of 100
building tree 32 of 100
building tree 33 of 100
building tree 34 of 100
building tree 35 of 100
building tree 36 of 100
building tree 37 of 100
building tree 38 of 100
building tree 39 of 100
building tree 40 of 100
building tree 41 of 100
building tree 42 of 100
building tree 43 of 100
building tree 44 of 100
building tree 45 of 100
building tree 46 of 100
building tree 47 of 100
building tree 48 of 100
building tree 49 of 100
building tree 50 of 100
building tree 51 of 100
building tree 52 of 100
building tree 53 of 100
building tree 54 of 100
building tree 55 of 100
building tree 56 of 100
building tree 29 of 100
building tree 30 of 100
building tree 31 of 100
building tree 32 of 100
building tree 33 of 100
building tree 34 of 100
building tree 35 of 100
building tree 36 of 100
building tree 37 of 100
building tree 38 of 100
building tree 39 of 100
building tree 40 of 100
building tree 41 of 100
building tree 42 of 100
building tree 43 of 100
building tree 44 of 100
building tree 45 of 100
building tree 46 of 100
building tree 47 of 100
building tree 48 of 100
building tree 49 of 100
building tree 50 of 100
building tree 51 of 100
building tree 52 of 100
building tree 53 of 100
building tree 54 of 100
building tree 55 of 100
building tree 56 of 100
building tree 57 of 100
building tree 58 of 100
building tree 59 of 100
building tree 60 of 100
building tree 61 of 100
building tree 62 of 100
building tree 63 of 100
building tree 64 of 100
building tree 65 of 100
building tree 66 of 100
building tree 67 of 100
building tree 68 of 100
building tree 69 of 100
building tree 70 of 100
building tree 71 of 100
building tree 72 of 100
building tree 73 of 100
building tree 74 of 100
building tree 75 of 100
building tree 76 of 100
building tree 77 of 100
building tree 78 of 100
building tree 79 of 100
building tree 80 of 100
building tree 81 of 100
building tree 82 of 100
building tree 83 of 100
building tree 84 of 100
building tree 57 of 100
building tree 58 of 100
building tree 59 of 100
building tree 60 of 100
building tree 61 of 100
building tree 62 of 100
building tree 63 of 100
building tree 64 of 100
building tree 65 of 100
building tree 66 of 100
building tree 67 of 100
building tree 68 of 100
building tree 69 of 100
building tree 70 of 100
building tree 71 of 100
building tree 72 of 100
building tree 73 of 100
building tree 74 of 100
building tree 75 of 100
building tree 76 of 100
building tree 77 of 100
building tree 78 of 100
building tree 79 of 100
building tree 80 of 100
building tree 81 of 100
building tree 82 of 100
building tree 83 of 100
building tree 84 of 100
building tree 85 of 100
building tree 86 of 100
building tree 87 of 100
building tree 88 of 100
building tree 89 of 100
building tree 90 of 100
building tree 91 of 100
building tree 92 of 100
building tree 93 of 100
building tree 94 of 100
building tree 95 of 100
building tree 96 of 100
building tree 97 of 100
building tree 98 of 100
building tree 99 of 100
building tree 100 of 100
building tree 85 of 100
building tree 86 of 100
building tree 87 of 100
building tree 88 of 100
building tree 89 of 100
building tree 90 of 100
building tree 91 of 100
building tree 92 of 100
building tree 93 of 100
building tree 94 of 100
building tree 95 of 100
building tree 96 of 100
building tree 97 of 100
building tree 98 of 100
building tree 99 of 100
building tree 100 of 100
[Parallel(n_jobs=-1)]: Done  96 out of 100 | elapsed:  1.9min remaining:    4.7s
[Parallel(n_jobs=-1)]: Done 100 out of 100 | elapsed:  1.9min finished
2020-10-07 08:06:42.154291 Fitting regr4 done!
[Parallel(n_jobs=-1)]: Done  96 out of 100 | elapsed:  1.7min remaining:    4.3s
[Parallel(n_jobs=-1)]: Done 100 out of 100 | elapsed:  1.7min finished
2020-10-07 08:06:46.276326 Fitting regr5 done!
/software/python-3.7.0-el7-x86_64/lib/python3.7/site-packages/sklearn/ensemble/weight_boosting.py:29: DeprecationWarning: numpy.core.umath_tests is an internal NumPy module and should not be imported. It will be removed in a future NumPy release.
  from numpy.core.umath_tests import inner1d
mdf2 loaded!!!
/software/python-3.7.0-el7-x86_64/lib/python3.7/site-packages/sklearn/ensemble/weight_boosting.py:29: DeprecationWarning: numpy.core.umath_tests is an internal NumPy module and should not be imported. It will be removed in a future NumPy release.
  from numpy.core.umath_tests import inner1d
/software/python-3.7.0-el7-x86_64/lib/python3.7/site-packages/sklearn/ensemble/weight_boosting.py:29: DeprecationWarning: numpy.core.umath_tests is an internal NumPy module and should not be imported. It will be removed in a future NumPy release.
  from numpy.core.umath_tests import inner1d
1 (156788, 336) (156788,)
2020-10-07 08:13:08.390445 Fitting regr4 start!
building tree 1 of 100building tree 2 of 100
building tree 3 of 100
building tree 4 of 100
building tree 5 of 100

building tree 6 of 100building tree 7 of 100building tree 8 of 100

building tree 9 of 100

building tree 10 of 100building tree 11 of 100

building tree 12 of 100building tree 13 of 100
building tree 14 of 100
building tree 15 of 100
building tree 16 of 100
building tree 17 of 100
building tree 18 of 100
building tree 19 of 100
building tree 20 of 100

building tree 21 of 100
building tree 22 of 100building tree 23 of 100
building tree 24 of 100
building tree 25 of 100
building tree 26 of 100
building tree 27 of 100
building tree 28 of 100

mdf2 loaded!!!
mdf2 loaded!!!
1 (167912, 336) (167912,)
2020-10-07 08:13:33.834784 Fitting regr3 start!
building tree 1 of 100building tree 2 of 100
building tree 3 of 100
building tree 4 of 100
building tree 5 of 100

building tree 6 of 100building tree 7 of 100
building tree 8 of 100
building tree 9 of 100
building tree 10 of 100

building tree 11 of 100building tree 12 of 100
building tree 13 of 100
building tree 14 of 100

building tree 15 of 100building tree 16 of 100
building tree 17 of 100

building tree 18 of 100building tree 19 of 100

building tree 20 of 100building tree 21 of 100building tree 22 of 100
building tree 23 of 100
building tree 24 of 100
building tree 25 of 100


building tree 26 of 100building tree 27 of 100
building tree 28 of 100

building tree 29 of 100
building tree 30 of 100
building tree 31 of 100
building tree 32 of 100
building tree 33 of 100
building tree 34 of 100
building tree 35 of 100
building tree 36 of 100
building tree 37 of 100
building tree 38 of 100
building tree 39 of 100
building tree 40 of 100
building tree 41 of 100
1 (146601, 336) (146601,)building tree 42 of 100

2020-10-07 08:13:35.732538 Fitting regr5 start!
building tree 43 of 100building tree 44 of 100

building tree 45 of 100
building tree 46 of 100
building tree 47 of 100
building tree 48 of 100
building tree 49 of 100
building tree 1 of 100building tree 2 of 100

building tree 3 of 100building tree 4 of 100building tree 5 of 100building tree 6 of 100

building tree 7 of 100building tree 8 of 100building tree 9 of 100building tree 10 of 100building tree 11 of 100building tree 12 of 100building tree 13 of 100


building tree 14 of 100building tree 15 of 100building tree 16 of 100building tree 17 of 100building tree 18 of 100


building tree 19 of 100building tree 20 of 100building tree 21 of 100building tree 22 of 100
building tree 23 of 100
building tree 24 of 100building tree 25 of 100building tree 26 of 100building tree 27 of 100building tree 28 of 100















building tree 50 of 100
building tree 51 of 100
building tree 52 of 100
building tree 53 of 100
building tree 54 of 100
building tree 55 of 100
building tree 56 of 100
building tree 29 of 100
building tree 30 of 100
building tree 31 of 100
building tree 32 of 100
building tree 33 of 100
building tree 34 of 100
building tree 35 of 100
building tree 36 of 100
building tree 37 of 100
building tree 38 of 100
building tree 39 of 100
building tree 40 of 100
building tree 41 of 100
building tree 42 of 100
building tree 43 of 100
building tree 44 of 100
building tree 45 of 100
building tree 46 of 100
building tree 47 of 100
building tree 48 of 100
building tree 49 of 100
building tree 50 of 100
building tree 51 of 100
building tree 52 of 100
building tree 53 of 100
building tree 54 of 100
building tree 57 of 100
building tree 55 of 100
building tree 58 of 100
building tree 56 of 100
building tree 59 of 100
building tree 60 of 100
building tree 61 of 100
building tree 62 of 100
building tree 63 of 100
building tree 64 of 100
building tree 65 of 100
building tree 66 of 100
building tree 67 of 100
building tree 68 of 100
building tree 69 of 100
building tree 70 of 100
building tree 71 of 100
building tree 72 of 100
building tree 73 of 100
building tree 74 of 100
building tree 75 of 100
building tree 76 of 100
building tree 77 of 100
building tree 78 of 100
building tree 79 of 100
building tree 80 of 100
building tree 29 of 100
building tree 81 of 100
building tree 30 of 100building tree 31 of 100

building tree 32 of 100
building tree 33 of 100
building tree 34 of 100
building tree 35 of 100
building tree 36 of 100
building tree 37 of 100
building tree 38 of 100
building tree 39 of 100
building tree 40 of 100building tree 41 of 100

building tree 42 of 100
building tree 43 of 100
building tree 44 of 100
building tree 45 of 100
building tree 46 of 100
building tree 47 of 100
building tree 48 of 100
building tree 49 of 100
building tree 50 of 100
building tree 51 of 100
building tree 52 of 100
building tree 82 of 100
building tree 53 of 100
building tree 54 of 100
building tree 83 of 100
building tree 84 of 100
building tree 55 of 100
building tree 56 of 100
building tree 57 of 100
building tree 58 of 100
building tree 59 of 100
building tree 60 of 100
building tree 61 of 100
building tree 62 of 100
building tree 63 of 100
building tree 64 of 100
building tree 65 of 100
building tree 66 of 100
building tree 67 of 100
building tree 68 of 100
building tree 69 of 100
building tree 70 of 100
building tree 71 of 100
building tree 72 of 100
building tree 73 of 100
building tree 74 of 100
building tree 75 of 100
building tree 76 of 100
building tree 77 of 100
building tree 78 of 100
building tree 79 of 100
building tree 80 of 100
building tree 81 of 100
building tree 82 of 100
building tree 83 of 100
building tree 84 of 100
building tree 85 of 100
building tree 86 of 100
building tree 87 of 100
building tree 88 of 100
building tree 89 of 100
building tree 90 of 100
building tree 91 of 100
building tree 92 of 100
building tree 93 of 100
building tree 94 of 100
building tree 95 of 100
building tree 96 of 100
building tree 97 of 100
building tree 98 of 100
building tree 99 of 100
building tree 100 of 100
building tree 57 of 100
building tree 58 of 100
building tree 59 of 100
building tree 60 of 100
building tree 61 of 100
building tree 62 of 100
building tree 63 of 100
building tree 64 of 100
building tree 65 of 100
building tree 66 of 100
building tree 67 of 100
building tree 68 of 100
building tree 69 of 100
building tree 70 of 100
building tree 71 of 100
building tree 72 of 100
building tree 73 of 100building tree 74 of 100

building tree 75 of 100
building tree 76 of 100
building tree 77 of 100
building tree 78 of 100
building tree 79 of 100
building tree 80 of 100
building tree 81 of 100
building tree 82 of 100
building tree 83 of 100
building tree 84 of 100
building tree 85 of 100
building tree 86 of 100
building tree 87 of 100
building tree 88 of 100
building tree 89 of 100
building tree 90 of 100
building tree 91 of 100
building tree 92 of 100
building tree 93 of 100
building tree 94 of 100
building tree 95 of 100
building tree 96 of 100
building tree 97 of 100
building tree 98 of 100
building tree 99 of 100
building tree 100 of 100
[Parallel(n_jobs=-1)]: Done  96 out of 100 | elapsed:  1.8min remaining:    4.4s
[Parallel(n_jobs=-1)]: Done 100 out of 100 | elapsed:  1.8min finished
2020-10-07 08:14:54.914701 Fitting regr4 done!
building tree 85 of 100
building tree 86 of 100
building tree 87 of 100
building tree 88 of 100
building tree 89 of 100
building tree 90 of 100
building tree 91 of 100
building tree 92 of 100
building tree 93 of 100
building tree 94 of 100
building tree 95 of 100
building tree 96 of 100
building tree 97 of 100
building tree 98 of 100
building tree 99 of 100
building tree 100 of 100
[Parallel(n_jobs=-1)]: Done  96 out of 100 | elapsed:  1.6min remaining:    4.1s
[Parallel(n_jobs=-1)]: Done 100 out of 100 | elapsed:  1.6min finished
2020-10-07 08:15:13.823740 Fitting regr5 done!
[Parallel(n_jobs=-1)]: Done  96 out of 100 | elapsed:  1.9min remaining:    4.8s
[Parallel(n_jobs=-1)]: Done 100 out of 100 | elapsed:  1.9min finished
2020-10-07 08:15:29.485357 Fitting regr3 done!
/software/python-3.7.0-el7-x86_64/lib/python3.7/site-packages/sklearn/ensemble/weight_boosting.py:29: DeprecationWarning: numpy.core.umath_tests is an internal NumPy module and should not be imported. It will be removed in a future NumPy release.
  from numpy.core.umath_tests import inner1d
/software/python-3.7.0-el7-x86_64/lib/python3.7/site-packages/sklearn/ensemble/weight_boosting.py:29: DeprecationWarning: numpy.core.umath_tests is an internal NumPy module and should not be imported. It will be removed in a future NumPy release.
  from numpy.core.umath_tests import inner1d
mdf2 loaded!!!
1 (193173, 336) (193173,)
2020-10-07 08:17:35.061050 Fitting regr1 start!
building tree 1 of 100building tree 2 of 100
building tree 3 of 100
building tree 4 of 100
building tree 5 of 100
building tree 6 of 100
building tree 7 of 100

building tree 8 of 100building tree 9 of 100building tree 17 of 100building tree 18 of 100


building tree 10 of 100
building tree 11 of 100building tree 12 of 100building tree 13 of 100building tree 14 of 100building tree 15 of 100
building tree 16 of 100


building tree 19 of 100

building tree 20 of 100

building tree 21 of 100

building tree 22 of 100building tree 23 of 100
building tree 24 of 100
building tree 25 of 100
building tree 26 of 100
building tree 27 of 100
building tree 28 of 100

mdf2 loaded!!!
1 (180049, 336) (180049,)
2020-10-07 08:17:49.999947 Fitting regr2 start!
building tree 1 of 100building tree 2 of 100building tree 3 of 100
building tree 4 of 100

building tree 5 of 100
building tree 6 of 100

building tree 7 of 100building tree 8 of 100building tree 9 of 100


building tree 10 of 100building tree 11 of 100building tree 12 of 100

building tree 13 of 100
building tree 14 of 100

building tree 15 of 100building tree 16 of 100
building tree 17 of 100

building tree 18 of 100building tree 19 of 100
building tree 20 of 100
building tree 21 of 100
building tree 22 of 100

building tree 23 of 100
building tree 24 of 100building tree 25 of 100

building tree 26 of 100building tree 27 of 100
building tree 28 of 100

building tree 29 of 100
building tree 30 of 100
building tree 31 of 100
building tree 32 of 100
building tree 33 of 100
building tree 34 of 100
building tree 35 of 100
building tree 36 of 100
building tree 37 of 100
building tree 38 of 100
building tree 39 of 100
building tree 40 of 100
building tree 41 of 100
building tree 42 of 100
building tree 43 of 100
building tree 44 of 100
building tree 45 of 100
building tree 46 of 100
building tree 47 of 100
building tree 48 of 100
building tree 49 of 100
building tree 50 of 100
building tree 51 of 100
building tree 52 of 100
building tree 53 of 100
building tree 54 of 100
building tree 55 of 100
building tree 56 of 100
building tree 29 of 100
building tree 30 of 100
building tree 31 of 100
building tree 32 of 100
building tree 33 of 100
building tree 34 of 100
building tree 35 of 100
building tree 36 of 100
building tree 37 of 100
building tree 38 of 100
building tree 39 of 100
building tree 40 of 100
building tree 41 of 100
building tree 42 of 100
building tree 43 of 100
building tree 44 of 100
building tree 45 of 100
building tree 46 of 100
building tree 47 of 100
building tree 48 of 100
building tree 49 of 100
building tree 50 of 100
building tree 51 of 100
building tree 52 of 100
building tree 53 of 100
building tree 54 of 100
building tree 55 of 100
building tree 56 of 100
building tree 57 of 100
building tree 58 of 100
building tree 59 of 100
building tree 60 of 100
building tree 61 of 100
building tree 62 of 100
building tree 63 of 100
building tree 64 of 100
building tree 65 of 100
building tree 66 of 100
building tree 67 of 100
building tree 68 of 100
building tree 69 of 100
building tree 70 of 100
building tree 71 of 100
building tree 72 of 100
building tree 73 of 100
building tree 74 of 100
building tree 75 of 100
building tree 76 of 100
building tree 77 of 100
building tree 78 of 100building tree 79 of 100

building tree 80 of 100
building tree 81 of 100
building tree 82 of 100
building tree 83 of 100
building tree 84 of 100
building tree 57 of 100
building tree 58 of 100
building tree 59 of 100
building tree 60 of 100
building tree 61 of 100
building tree 62 of 100
building tree 63 of 100
building tree 64 of 100
building tree 65 of 100
building tree 66 of 100
building tree 67 of 100
building tree 68 of 100
building tree 69 of 100
building tree 70 of 100
building tree 71 of 100
building tree 72 of 100
building tree 73 of 100
building tree 74 of 100
building tree 75 of 100
building tree 76 of 100
building tree 77 of 100
building tree 78 of 100
building tree 79 of 100
building tree 80 of 100
building tree 81 of 100
building tree 82 of 100
building tree 83 of 100
building tree 84 of 100
building tree 85 of 100
building tree 86 of 100
building tree 87 of 100
building tree 88 of 100
building tree 89 of 100
building tree 90 of 100
building tree 91 of 100building tree 92 of 100

building tree 93 of 100
building tree 94 of 100
building tree 95 of 100
building tree 96 of 100
building tree 97 of 100
building tree 98 of 100
building tree 99 of 100
building tree 100 of 100
building tree 85 of 100
building tree 86 of 100
building tree 87 of 100
building tree 88 of 100
building tree 89 of 100
building tree 90 of 100
building tree 91 of 100
building tree 92 of 100
building tree 93 of 100
building tree 94 of 100
building tree 95 of 100
building tree 96 of 100
building tree 97 of 100
building tree 98 of 100
building tree 99 of 100
building tree 100 of 100
[Parallel(n_jobs=-1)]: Done  96 out of 100 | elapsed:  2.3min remaining:    5.7s
[Parallel(n_jobs=-1)]: Done 100 out of 100 | elapsed:  2.3min finished
2020-10-07 08:19:52.518115 Fitting regr1 done!
[Parallel(n_jobs=-1)]: Done  96 out of 100 | elapsed:  2.1min remaining:    5.2s
[Parallel(n_jobs=-1)]: Done 100 out of 100 | elapsed:  2.1min finished
2020-10-07 08:19:56.690552 Fitting regr2 done!
